<?xml version="1.0" encoding="UTF-8"?>
<!-- Generated by org.testng.reporters.JUnitXMLReporter -->
<testsuite hostname="DESKTOP-V3O9M40" name="Default test" tests="3" failures="0" timestamp="24 May 2019 12:14:30 GMT" time="9.046" errors="0">
  <testcase name="MeetingWithTest" time="5.715" classname="Validatevisitor.MeetingWithAPI"/>
  <testcase name="invalidToken" time="1.544" classname="Validatevisitor.MeetingWithAPI"/>
  <testcase name="invalidMeetingWith" time="1.733" classname="Validatevisitor.MeetingWithAPI"/>
</testsuite> <!-- Default test -->
