<?xml version="1.0" encoding="UTF-8"?>
<testng-results skipped="0" failed="0" total="1" passed="1">
  <reporter-output>
  </reporter-output>
  <suite name="Default suite" duration-ms="2473" started-at="2019-06-06T10:53:48Z" finished-at="2019-06-06T10:53:51Z">
    <groups>
      <group name="Getting All Invites">
        <method signature="GetVenuesListforInvite.gettingVenuesListPortalUser()[pri:0, instance:InviteTesting.GetVenuesListforInvite@4108fa66]" name="gettingVenuesListPortalUser" class="InviteTesting.GetVenuesListforInvite"/>
      </group> <!-- Getting All Invites -->
    </groups>
    <test name="Default test" duration-ms="2473" started-at="2019-06-06T10:53:48Z" finished-at="2019-06-06T10:53:51Z">
      <class name="InviteTesting.GetVenuesListforInvite">
        <test-method status="PASS" signature="gettingVenuesListPortalUser()[pri:0, instance:InviteTesting.GetVenuesListforInvite@4108fa66]" name="gettingVenuesListPortalUser" duration-ms="2426" started-at="2019-06-06T16:23:48Z" finished-at="2019-06-06T16:23:51Z">
          <reporter-output>
          </reporter-output>
        </test-method> <!-- gettingVenuesListPortalUser -->
      </class> <!-- InviteTesting.GetVenuesListforInvite -->
    </test> <!-- Default test -->
  </suite> <!-- Default suite -->
</testng-results>
